{"level":"info","message":"Rabbitmq connected Successfully"}
{"level":"info","message":"Listening on port 8000..."}
{"level":"info","message":"Rabbitmq connected Successfully"}
{"level":"info","message":"Listening on port 8000..."}
{"level":"info","message":"Rabbitmq connected Successfully"}
{"level":"info","message":"Listening on port 8000..."}
{"level":"info","message":"Rabbitmq connected Successfully"}
{"level":"info","message":"Listening on port 8000..."}
{"level":"info","message":"Rabbitmq connected Successfully"}
{"level":"info","message":"Listening on port 8000..."}
{"level":"info","message":"Rabbitmq connected Successfully"}
{"level":"info","message":"Listening on port 8000..."}
{"level":"info","message":"Rabbitmq connected Successfully"}
{"level":"info","message":"Listening on port 8000..."}
{"level":"info","message":"Rabbitmq connected Successfully"}
{"level":"info","message":"Connected to database successfully"}
{"level":"info","message":"Listening on port 8000..."}
{"level":"info","message":"Rabbitmq connected Successfully"}
{"level":"info","message":"Connected to database successfully"}
{"level":"info","message":"Listening on port 8000..."}
{"level":"info","message":"Rabbitmq connected Successfully"}
{"level":"info","message":"Connected to mongodb database successfully"}
{"level":"info","message":"Listening on port 8000..."}
{"level":"info","message":"Rabbitmq connected Successfully"}
{"level":"info","message":"Connected to mongodb database successfully"}
{"level":"info","message":"Listening on port 8000..."}
{"level":"info","message":"Rabbitmq connected Successfully"}
{"level":"info","message":"Connected to mongodb database successfully"}
{"level":"info","message":"Listening on port 8000..."}
{"level":"info","message":"Rabbitmq connected Successfully"}
{"level":"info","message":"Connected to mongodb database successfully"}
{"level":"info","message":"Listening on port 8000..."}
{"level":"info","message":"Rabbitmq connected Successfully"}
{"level":"info","message":"Connected to mongodb database successfully"}
{"level":"info","message":"Listening on port 8000..."}
{"level":"info","message":"Rabbitmq connected Successfully"}
{"level":"info","message":"Connected to mongodb database successfully"}
{"level":"info","message":"Listening on port 8000..."}
{"level":"info","message":"Rabbitmq connected Successfully"}
{"level":"info","message":"Connected to mongodb database successfully"}
{"level":"info","message":"Listening on port 8000..."}
{"level":"info","message":"Rabbitmq connected Successfully"}
{"level":"info","message":"Connected to mongodb database successfully"}
{"level":"info","message":"Listening on port 8000..."}
{"level":"info","message":"Reddis connected Successfully"}
{"level":"info","message":"Rabbitmq connected Successfully"}
{"level":"info","message":"Connected to mongodb database successfully"}
{"level":"info","message":"Listening on port 8000..."}
{"level":"info","message":"Reddis connected Successfully"}
{"level":"info","message":"Rabbitmq connected Successfully"}
